#
# A fatal error has been detected by the Java Runtime Environment:
#
#  SIGSEGV (0xb) at pc=0x00007f92b74b8401, pid=15048, tid=15064
#
# JRE version: OpenJDK Runtime Environment (11.0.9.1+1) (build 11.0.9.1+1-Ubuntu-0ubuntu1.18.04)
# Java VM: OpenJDK 64-Bit Server VM (11.0.9.1+1-Ubuntu-0ubuntu1.18.04, mixed mode, sharing, tiered, compressed oops, g1 gc, linux-amd64)
# Problematic frame:
# C  [libjimage.so+0x2401]
#
# Core dump will be written. Default location: Core dumps may be processed with "/usr/share/apport/apport %p %s %c %d %P %E" (or dumping to /home/christoph/Desktop/Arbeit/inception/inception-app-webapp/core.15048)
#
# If you would like to submit a bug report, please visit:
#   https://bugs.launchpad.net/ubuntu/+source/openjdk-lts
#

---------------  S U M M A R Y ------------

Command Line: -agentlib:jdwp=transport=dt_socket,suspend=y,address=localhost:46701 -javaagent:/home/christoph/.eclipse/360744286_linux_gtk_x86_64/configuration/org.eclipse.osgi/222/0/.cp/lib/javaagent-shaded.jar -Dfile.encoding=UTF-8 de.tudarmstadt.ukp.inception.INCEpTION

Host: Intel(R) Core(TM) i3-4005U CPU @ 1.70GHz, 4 cores, 3G, Ubuntu 18.04.5 LTS
Time: Tue Jan 26 13:39:43 2021 CET elapsed time: 212.402363 seconds (0d 0h 3m 32s)

---------------  T H R E A D  ---------------

Current thread (0x00007f92b013c800):  JavaThread "Signal Dispatcher" daemon [_thread_in_vm, id=15064, stack(0x00007f9290bbe000,0x00007f9290cbf000)]

Stack: [0x00007f9290bbe000,0x00007f9290cbf000],  sp=0x00007f9290cbc1e0,  free space=1016k
Native frames: (J=compiled Java code, A=aot compiled Java code, j=interpreted, Vv=VM code, C=native code)
C  [libjimage.so+0x2401]
C  [libjimage.so+0x30ea]
C  [libjimage.so+0x35c6]  JIMAGE_FindResource+0xd6
V  [libjvm.so+0x5bf44e]
V  [libjvm.so+0x5c21b0]
V  [libjvm.so+0xe427d5]
